{"C:\\Users\\sergi\\Documents\\GitHub\\NovaBank\\novabank\\client\\src\\store.js": {"path":"C:\\Users\\sergi\\Documents\\GitHub\\NovaBank\\novabank\\client\\src\\store.js","all":false,"statementMap":{"0":{"start":{"line":1,"column":0},"end":{"line":1,"column":17}},"1":{"start":{"line":2,"column":0},"end":{"line":2,"column":17}},"2":{"start":{"line":3,"column":0},"end":{"line":3,"column":24}},"3":{"start":{"line":4,"column":0},"end":{"line":4,"column":26}},"4":{"start":{"line":5,"column":0},"end":{"line":5,"column":23}},"5":{"start":{"line":6,"column":0},"end":{"line":6,"column":28}},"6":{"start":{"line":7,"column":0},"end":{"line":7,"column":28}},"7":{"start":{"line":8,"column":0},"end":{"line":8,"column":0}},"8":{"start":{"line":9,"column":0},"end":{"line":9,"column":51}},"9":{"start":{"line":10,"column":0},"end":{"line":10,"column":53}},"10":{"start":{"line":11,"column":0},"end":{"line":11,"column":55}},"11":{"start":{"line":12,"column":0},"end":{"line":12,"column":0}},"12":{"start":{"line":13,"column":0},"end":{"line":13,"column":17}},"13":{"start":{"line":14,"column":0},"end":{"line":14,"column":31}},"14":{"start":{"line":15,"column":0},"end":{"line":15,"column":24}},"15":{"start":{"line":16,"column":0},"end":{"line":16,"column":22}},"16":{"start":{"line":17,"column":0},"end":{"line":17,"column":51}},"17":{"start":{"line":18,"column":0},"end":{"line":18,"column":17}},"18":{"start":{"line":19,"column":0},"end":{"line":19,"column":26}},"19":{"start":{"line":20,"column":0},"end":{"line":20,"column":6}},"20":{"start":{"line":21,"column":0},"end":{"line":21,"column":0}},"21":{"start":{"line":22,"column":0},"end":{"line":22,"column":60}},"22":{"start":{"line":23,"column":0},"end":{"line":23,"column":31}},"23":{"start":{"line":24,"column":0},"end":{"line":24,"column":28}},"24":{"start":{"line":25,"column":0},"end":{"line":25,"column":30}},"25":{"start":{"line":26,"column":0},"end":{"line":26,"column":73}},"26":{"start":{"line":27,"column":0},"end":{"line":27,"column":30}},"27":{"start":{"line":28,"column":0},"end":{"line":28,"column":5}},"28":{"start":{"line":29,"column":0},"end":{"line":29,"column":3}},"29":{"start":{"line":30,"column":0},"end":{"line":30,"column":0}},"30":{"start":{"line":31,"column":0},"end":{"line":31,"column":48}},"31":{"start":{"line":32,"column":0},"end":{"line":32,"column":22}},"32":{"start":{"line":33,"column":0},"end":{"line":33,"column":46}},"33":{"start":{"line":34,"column":0},"end":{"line":34,"column":33}},"34":{"start":{"line":35,"column":0},"end":{"line":35,"column":30}},"35":{"start":{"line":36,"column":0},"end":{"line":36,"column":32}},"36":{"start":{"line":37,"column":0},"end":{"line":37,"column":7}},"37":{"start":{"line":38,"column":0},"end":{"line":38,"column":29}},"38":{"start":{"line":39,"column":0},"end":{"line":39,"column":3}},"39":{"start":{"line":40,"column":0},"end":{"line":40,"column":0}},"40":{"start":{"line":41,"column":0},"end":{"line":41,"column":34}},"41":{"start":{"line":42,"column":0},"end":{"line":42,"column":21}},"42":{"start":{"line":43,"column":0},"end":{"line":43,"column":31}},"43":{"start":{"line":44,"column":0},"end":{"line":44,"column":42}},"44":{"start":{"line":45,"column":0},"end":{"line":45,"column":5}},"45":{"start":{"line":46,"column":0},"end":{"line":46,"column":3}},"46":{"start":{"line":47,"column":0},"end":{"line":47,"column":0}},"47":{"start":{"line":48,"column":0},"end":{"line":48,"column":65}},"48":{"start":{"line":49,"column":0},"end":{"line":49,"column":23}},"49":{"start":{"line":50,"column":0},"end":{"line":50,"column":36}},"50":{"start":{"line":51,"column":0},"end":{"line":51,"column":3}},"51":{"start":{"line":52,"column":0},"end":{"line":52,"column":0}},"52":{"start":{"line":53,"column":0},"end":{"line":53,"column":36}},"53":{"start":{"line":54,"column":0},"end":{"line":54,"column":12}},"54":{"start":{"line":55,"column":0},"end":{"line":55,"column":69}},"55":{"start":{"line":56,"column":0},"end":{"line":56,"column":3}},"56":{"start":{"line":57,"column":0},"end":{"line":57,"column":0}},"57":{"start":{"line":58,"column":0},"end":{"line":58,"column":23}},"58":{"start":{"line":59,"column":0},"end":{"line":59,"column":26}},"59":{"start":{"line":60,"column":0},"end":{"line":60,"column":68}},"60":{"start":{"line":61,"column":0},"end":{"line":61,"column":0}},"61":{"start":{"line":62,"column":0},"end":{"line":62,"column":9}},"62":{"start":{"line":63,"column":0},"end":{"line":63,"column":35}},"63":{"start":{"line":64,"column":0},"end":{"line":64,"column":96}},"64":{"start":{"line":65,"column":0},"end":{"line":65,"column":8}},"65":{"start":{"line":66,"column":0},"end":{"line":66,"column":41}},"66":{"start":{"line":67,"column":0},"end":{"line":67,"column":73}},"67":{"start":{"line":68,"column":0},"end":{"line":68,"column":41}},"68":{"start":{"line":69,"column":0},"end":{"line":69,"column":15}},"69":{"start":{"line":70,"column":0},"end":{"line":70,"column":34}},"70":{"start":{"line":71,"column":0},"end":{"line":71,"column":10}},"71":{"start":{"line":72,"column":0},"end":{"line":72,"column":20}},"72":{"start":{"line":73,"column":0},"end":{"line":73,"column":21}},"73":{"start":{"line":74,"column":0},"end":{"line":74,"column":37}},"74":{"start":{"line":75,"column":0},"end":{"line":75,"column":5}},"75":{"start":{"line":76,"column":0},"end":{"line":76,"column":3}},"76":{"start":{"line":77,"column":0},"end":{"line":77,"column":0}},"77":{"start":{"line":78,"column":0},"end":{"line":78,"column":64}},"78":{"start":{"line":79,"column":0},"end":{"line":79,"column":28}},"79":{"start":{"line":80,"column":0},"end":{"line":80,"column":30}},"80":{"start":{"line":81,"column":0},"end":{"line":81,"column":0}},"81":{"start":{"line":82,"column":0},"end":{"line":82,"column":9}},"82":{"start":{"line":83,"column":0},"end":{"line":83,"column":35}},"83":{"start":{"line":84,"column":0},"end":{"line":84,"column":57}},"84":{"start":{"line":85,"column":0},"end":{"line":85,"column":8}},"85":{"start":{"line":86,"column":0},"end":{"line":86,"column":45}},"86":{"start":{"line":87,"column":0},"end":{"line":87,"column":51}},"87":{"start":{"line":88,"column":0},"end":{"line":88,"column":56}},"88":{"start":{"line":89,"column":0},"end":{"line":89,"column":20}},"89":{"start":{"line":90,"column":0},"end":{"line":90,"column":21}},"90":{"start":{"line":91,"column":0},"end":{"line":91,"column":66}},"91":{"start":{"line":92,"column":0},"end":{"line":92,"column":5}},"92":{"start":{"line":93,"column":0},"end":{"line":93,"column":3}},"93":{"start":{"line":94,"column":0},"end":{"line":94,"column":0}},"94":{"start":{"line":95,"column":0},"end":{"line":95,"column":36}},"95":{"start":{"line":96,"column":0},"end":{"line":96,"column":19}},"96":{"start":{"line":97,"column":0},"end":{"line":97,"column":76}},"97":{"start":{"line":98,"column":0},"end":{"line":98,"column":3}},"98":{"start":{"line":99,"column":0},"end":{"line":99,"column":0}},"99":{"start":{"line":100,"column":0},"end":{"line":100,"column":38}},"100":{"start":{"line":101,"column":0},"end":{"line":101,"column":33}},"101":{"start":{"line":102,"column":0},"end":{"line":102,"column":9}},"102":{"start":{"line":103,"column":0},"end":{"line":103,"column":33}},"103":{"start":{"line":104,"column":0},"end":{"line":104,"column":22}},"104":{"start":{"line":105,"column":0},"end":{"line":105,"column":32}},"105":{"start":{"line":106,"column":0},"end":{"line":106,"column":8}},"106":{"start":{"line":107,"column":0},"end":{"line":107,"column":75}},"107":{"start":{"line":108,"column":0},"end":{"line":108,"column":23}},"108":{"start":{"line":109,"column":0},"end":{"line":109,"column":56}},"109":{"start":{"line":110,"column":0},"end":{"line":110,"column":48}},"110":{"start":{"line":111,"column":0},"end":{"line":111,"column":9}},"111":{"start":{"line":112,"column":0},"end":{"line":112,"column":0}},"112":{"start":{"line":113,"column":0},"end":{"line":113,"column":24}},"113":{"start":{"line":114,"column":0},"end":{"line":114,"column":47}},"114":{"start":{"line":115,"column":0},"end":{"line":115,"column":55}},"115":{"start":{"line":116,"column":0},"end":{"line":116,"column":53}},"116":{"start":{"line":117,"column":0},"end":{"line":117,"column":38}},"117":{"start":{"line":118,"column":0},"end":{"line":118,"column":69}},"118":{"start":{"line":119,"column":0},"end":{"line":119,"column":36}},"119":{"start":{"line":120,"column":0},"end":{"line":120,"column":22}},"120":{"start":{"line":121,"column":0},"end":{"line":121,"column":20}},"121":{"start":{"line":122,"column":0},"end":{"line":122,"column":14}},"122":{"start":{"line":123,"column":0},"end":{"line":123,"column":44}},"123":{"start":{"line":124,"column":0},"end":{"line":124,"column":47}},"124":{"start":{"line":125,"column":0},"end":{"line":125,"column":39}},"125":{"start":{"line":126,"column":0},"end":{"line":126,"column":7}},"126":{"start":{"line":127,"column":0},"end":{"line":127,"column":21}},"127":{"start":{"line":128,"column":0},"end":{"line":128,"column":47}},"128":{"start":{"line":129,"column":0},"end":{"line":129,"column":5}},"129":{"start":{"line":130,"column":0},"end":{"line":130,"column":17}},"130":{"start":{"line":131,"column":0},"end":{"line":131,"column":3}},"131":{"start":{"line":132,"column":0},"end":{"line":132,"column":0}},"132":{"start":{"line":133,"column":0},"end":{"line":133,"column":22}},"133":{"start":{"line":134,"column":0},"end":{"line":134,"column":28}},"134":{"start":{"line":135,"column":0},"end":{"line":135,"column":9}},"135":{"start":{"line":136,"column":0},"end":{"line":136,"column":35}},"136":{"start":{"line":137,"column":0},"end":{"line":137,"column":102}},"137":{"start":{"line":138,"column":0},"end":{"line":138,"column":9}},"138":{"start":{"line":139,"column":0},"end":{"line":139,"column":27}},"139":{"start":{"line":140,"column":0},"end":{"line":140,"column":10}},"140":{"start":{"line":141,"column":0},"end":{"line":141,"column":8}},"141":{"start":{"line":142,"column":0},"end":{"line":142,"column":0}},"142":{"start":{"line":143,"column":0},"end":{"line":143,"column":24}},"143":{"start":{"line":144,"column":0},"end":{"line":144,"column":47}},"144":{"start":{"line":145,"column":0},"end":{"line":145,"column":45}},"145":{"start":{"line":146,"column":0},"end":{"line":146,"column":10}},"146":{"start":{"line":147,"column":0},"end":{"line":147,"column":61}},"147":{"start":{"line":148,"column":0},"end":{"line":148,"column":38}},"148":{"start":{"line":149,"column":0},"end":{"line":149,"column":22}},"149":{"start":{"line":150,"column":0},"end":{"line":150,"column":20}},"150":{"start":{"line":151,"column":0},"end":{"line":151,"column":14}},"151":{"start":{"line":152,"column":0},"end":{"line":152,"column":44}},"152":{"start":{"line":153,"column":0},"end":{"line":153,"column":47}},"153":{"start":{"line":154,"column":0},"end":{"line":154,"column":7}},"154":{"start":{"line":155,"column":0},"end":{"line":155,"column":21}},"155":{"start":{"line":156,"column":0},"end":{"line":156,"column":47}},"156":{"start":{"line":157,"column":0},"end":{"line":157,"column":5}},"157":{"start":{"line":158,"column":0},"end":{"line":158,"column":17}},"158":{"start":{"line":159,"column":0},"end":{"line":159,"column":3}},"159":{"start":{"line":160,"column":0},"end":{"line":160,"column":0}},"160":{"start":{"line":161,"column":0},"end":{"line":161,"column":40}},"161":{"start":{"line":162,"column":0},"end":{"line":162,"column":9}},"162":{"start":{"line":163,"column":0},"end":{"line":163,"column":35}},"163":{"start":{"line":164,"column":0},"end":{"line":164,"column":52}},"164":{"start":{"line":165,"column":0},"end":{"line":165,"column":9}},"165":{"start":{"line":166,"column":0},"end":{"line":166,"column":24}},"166":{"start":{"line":167,"column":0},"end":{"line":167,"column":58}},"167":{"start":{"line":168,"column":0},"end":{"line":168,"column":33}},"168":{"start":{"line":169,"column":0},"end":{"line":169,"column":32}},"169":{"start":{"line":170,"column":0},"end":{"line":170,"column":37}},"170":{"start":{"line":171,"column":0},"end":{"line":171,"column":32}},"171":{"start":{"line":172,"column":0},"end":{"line":172,"column":13}},"172":{"start":{"line":173,"column":0},"end":{"line":173,"column":10}},"173":{"start":{"line":174,"column":0},"end":{"line":174,"column":8}},"174":{"start":{"line":175,"column":0},"end":{"line":175,"column":0}},"175":{"start":{"line":176,"column":0},"end":{"line":176,"column":24}},"176":{"start":{"line":177,"column":0},"end":{"line":177,"column":63}},"177":{"start":{"line":178,"column":0},"end":{"line":178,"column":47}},"178":{"start":{"line":179,"column":0},"end":{"line":179,"column":45}},"179":{"start":{"line":180,"column":0},"end":{"line":180,"column":10}},"180":{"start":{"line":181,"column":0},"end":{"line":181,"column":27}},"181":{"start":{"line":182,"column":0},"end":{"line":182,"column":53}},"182":{"start":{"line":183,"column":0},"end":{"line":183,"column":79}},"183":{"start":{"line":184,"column":0},"end":{"line":184,"column":47}},"184":{"start":{"line":185,"column":0},"end":{"line":185,"column":24}},"185":{"start":{"line":186,"column":0},"end":{"line":186,"column":22}},"186":{"start":{"line":187,"column":0},"end":{"line":187,"column":9}},"187":{"start":{"line":188,"column":0},"end":{"line":188,"column":14}},"188":{"start":{"line":189,"column":0},"end":{"line":189,"column":44}},"189":{"start":{"line":190,"column":0},"end":{"line":190,"column":47}},"190":{"start":{"line":191,"column":0},"end":{"line":191,"column":7}},"191":{"start":{"line":192,"column":0},"end":{"line":192,"column":21}},"192":{"start":{"line":193,"column":0},"end":{"line":193,"column":49}},"193":{"start":{"line":194,"column":0},"end":{"line":194,"column":5}},"194":{"start":{"line":195,"column":0},"end":{"line":195,"column":17}},"195":{"start":{"line":196,"column":0},"end":{"line":196,"column":3}},"196":{"start":{"line":197,"column":0},"end":{"line":197,"column":0}},"197":{"start":{"line":198,"column":0},"end":{"line":198,"column":35}},"198":{"start":{"line":199,"column":0},"end":{"line":199,"column":9}},"199":{"start":{"line":200,"column":0},"end":{"line":200,"column":74}},"200":{"start":{"line":201,"column":0},"end":{"line":201,"column":23}},"201":{"start":{"line":202,"column":0},"end":{"line":202,"column":56}},"202":{"start":{"line":203,"column":0},"end":{"line":203,"column":50}},"203":{"start":{"line":204,"column":0},"end":{"line":204,"column":9}},"204":{"start":{"line":205,"column":0},"end":{"line":205,"column":0}},"205":{"start":{"line":206,"column":0},"end":{"line":206,"column":24}},"206":{"start":{"line":207,"column":0},"end":{"line":207,"column":33}},"207":{"start":{"line":208,"column":0},"end":{"line":208,"column":14}},"208":{"start":{"line":209,"column":0},"end":{"line":209,"column":43}},"209":{"start":{"line":210,"column":0},"end":{"line":210,"column":57}},"210":{"start":{"line":211,"column":0},"end":{"line":211,"column":7}},"211":{"start":{"line":212,"column":0},"end":{"line":212,"column":21}},"212":{"start":{"line":213,"column":0},"end":{"line":213,"column":62}},"213":{"start":{"line":214,"column":0},"end":{"line":214,"column":5}},"214":{"start":{"line":215,"column":0},"end":{"line":215,"column":3}},"215":{"start":{"line":216,"column":0},"end":{"line":216,"column":0}},"216":{"start":{"line":217,"column":0},"end":{"line":217,"column":26}},"217":{"start":{"line":218,"column":0},"end":{"line":218,"column":32}},"218":{"start":{"line":219,"column":0},"end":{"line":219,"column":9}},"219":{"start":{"line":220,"column":0},"end":{"line":220,"column":71}},"220":{"start":{"line":221,"column":0},"end":{"line":221,"column":23}},"221":{"start":{"line":222,"column":0},"end":{"line":222,"column":56}},"222":{"start":{"line":223,"column":0},"end":{"line":223,"column":50}},"223":{"start":{"line":224,"column":0},"end":{"line":224,"column":9}},"224":{"start":{"line":225,"column":0},"end":{"line":225,"column":0}},"225":{"start":{"line":226,"column":0},"end":{"line":226,"column":24}},"226":{"start":{"line":227,"column":0},"end":{"line":227,"column":43}},"227":{"start":{"line":228,"column":0},"end":{"line":228,"column":0}},"228":{"start":{"line":229,"column":0},"end":{"line":229,"column":21}},"229":{"start":{"line":230,"column":0},"end":{"line":230,"column":27}},"230":{"start":{"line":231,"column":0},"end":{"line":231,"column":26}},"231":{"start":{"line":232,"column":0},"end":{"line":232,"column":28}},"232":{"start":{"line":233,"column":0},"end":{"line":233,"column":26}},"233":{"start":{"line":234,"column":0},"end":{"line":234,"column":21}},"234":{"start":{"line":235,"column":0},"end":{"line":235,"column":30}},"235":{"start":{"line":236,"column":0},"end":{"line":236,"column":10}},"236":{"start":{"line":237,"column":0},"end":{"line":237,"column":0}},"237":{"start":{"line":238,"column":0},"end":{"line":238,"column":36}},"238":{"start":{"line":239,"column":0},"end":{"line":239,"column":48}},"239":{"start":{"line":240,"column":0},"end":{"line":240,"column":50}},"240":{"start":{"line":241,"column":0},"end":{"line":241,"column":52}},"241":{"start":{"line":242,"column":0},"end":{"line":242,"column":0}},"242":{"start":{"line":243,"column":0},"end":{"line":243,"column":22}},"243":{"start":{"line":244,"column":0},"end":{"line":244,"column":0}},"244":{"start":{"line":245,"column":0},"end":{"line":245,"column":63}},"245":{"start":{"line":246,"column":0},"end":{"line":246,"column":36}},"246":{"start":{"line":247,"column":0},"end":{"line":247,"column":64}},"247":{"start":{"line":248,"column":0},"end":{"line":248,"column":38}},"248":{"start":{"line":249,"column":0},"end":{"line":249,"column":75}},"249":{"start":{"line":250,"column":0},"end":{"line":250,"column":32}},"250":{"start":{"line":251,"column":0},"end":{"line":251,"column":20}},"251":{"start":{"line":252,"column":0},"end":{"line":252,"column":7}},"252":{"start":{"line":253,"column":0},"end":{"line":253,"column":21}},"253":{"start":{"line":254,"column":0},"end":{"line":254,"column":57}},"254":{"start":{"line":255,"column":0},"end":{"line":255,"column":5}},"255":{"start":{"line":256,"column":0},"end":{"line":256,"column":17}},"256":{"start":{"line":257,"column":0},"end":{"line":257,"column":3}},"257":{"start":{"line":258,"column":0},"end":{"line":258,"column":0}},"258":{"start":{"line":259,"column":0},"end":{"line":259,"column":30}},"259":{"start":{"line":260,"column":0},"end":{"line":260,"column":12}},"260":{"start":{"line":261,"column":0},"end":{"line":261,"column":36}},"261":{"start":{"line":262,"column":0},"end":{"line":262,"column":27}},"262":{"start":{"line":263,"column":0},"end":{"line":263,"column":4}},"263":{"start":{"line":264,"column":0},"end":{"line":264,"column":18}},"264":{"start":{"line":265,"column":0},"end":{"line":265,"column":25}},"265":{"start":{"line":266,"column":0},"end":{"line":266,"column":18}},"266":{"start":{"line":267,"column":0},"end":{"line":267,"column":19}},"267":{"start":{"line":268,"column":0},"end":{"line":268,"column":15}},"268":{"start":{"line":269,"column":0},"end":{"line":269,"column":17}},"269":{"start":{"line":270,"column":0},"end":{"line":270,"column":26}},"270":{"start":{"line":271,"column":0},"end":{"line":271,"column":6}},"271":{"start":{"line":272,"column":0},"end":{"line":272,"column":49}},"272":{"start":{"line":273,"column":0},"end":{"line":273,"column":55}},"273":{"start":{"line":274,"column":0},"end":{"line":274,"column":25}},"274":{"start":{"line":275,"column":0},"end":{"line":275,"column":18}},"275":{"start":{"line":276,"column":0},"end":{"line":276,"column":3}},"276":{"start":{"line":277,"column":0},"end":{"line":277,"column":0}},"277":{"start":{"line":278,"column":0},"end":{"line":278,"column":42}},"278":{"start":{"line":279,"column":0},"end":{"line":279,"column":25}},"279":{"start":{"line":280,"column":0},"end":{"line":280,"column":43}},"280":{"start":{"line":281,"column":0},"end":{"line":281,"column":0}},"281":{"start":{"line":282,"column":0},"end":{"line":282,"column":9}},"282":{"start":{"line":283,"column":0},"end":{"line":283,"column":76}},"283":{"start":{"line":284,"column":0},"end":{"line":284,"column":44}},"284":{"start":{"line":285,"column":0},"end":{"line":285,"column":20}},"285":{"start":{"line":286,"column":0},"end":{"line":286,"column":21}},"286":{"start":{"line":287,"column":0},"end":{"line":287,"column":55}},"287":{"start":{"line":288,"column":0},"end":{"line":288,"column":5}},"288":{"start":{"line":289,"column":0},"end":{"line":289,"column":3}},"289":{"start":{"line":290,"column":0},"end":{"line":290,"column":0}},"290":{"start":{"line":291,"column":0},"end":{"line":291,"column":45}},"291":{"start":{"line":292,"column":0},"end":{"line":292,"column":41}},"292":{"start":{"line":293,"column":0},"end":{"line":293,"column":93}},"293":{"start":{"line":294,"column":0},"end":{"line":294,"column":0}},"294":{"start":{"line":295,"column":0},"end":{"line":295,"column":9}},"295":{"start":{"line":296,"column":0},"end":{"line":296,"column":92}},"296":{"start":{"line":297,"column":0},"end":{"line":297,"column":22}},"297":{"start":{"line":298,"column":0},"end":{"line":298,"column":56}},"298":{"start":{"line":299,"column":0},"end":{"line":299,"column":48}},"299":{"start":{"line":300,"column":0},"end":{"line":300,"column":9}},"300":{"start":{"line":301,"column":0},"end":{"line":301,"column":0}},"301":{"start":{"line":302,"column":0},"end":{"line":302,"column":24}},"302":{"start":{"line":303,"column":0},"end":{"line":303,"column":43}},"303":{"start":{"line":304,"column":0},"end":{"line":304,"column":52}},"304":{"start":{"line":305,"column":0},"end":{"line":305,"column":86}},"305":{"start":{"line":306,"column":0},"end":{"line":306,"column":27}},"306":{"start":{"line":307,"column":0},"end":{"line":307,"column":43}},"307":{"start":{"line":308,"column":0},"end":{"line":308,"column":45}},"308":{"start":{"line":309,"column":0},"end":{"line":309,"column":24}},"309":{"start":{"line":310,"column":0},"end":{"line":310,"column":9}},"310":{"start":{"line":311,"column":0},"end":{"line":311,"column":61}},"311":{"start":{"line":312,"column":0},"end":{"line":312,"column":14}},"312":{"start":{"line":313,"column":0},"end":{"line":313,"column":43}},"313":{"start":{"line":314,"column":0},"end":{"line":314,"column":57}},"314":{"start":{"line":315,"column":0},"end":{"line":315,"column":7}},"315":{"start":{"line":316,"column":0},"end":{"line":316,"column":21}},"316":{"start":{"line":317,"column":0},"end":{"line":317,"column":52}},"317":{"start":{"line":318,"column":0},"end":{"line":318,"column":62}},"318":{"start":{"line":319,"column":0},"end":{"line":319,"column":5}},"319":{"start":{"line":320,"column":0},"end":{"line":320,"column":3}},"320":{"start":{"line":321,"column":0},"end":{"line":321,"column":0}},"321":{"start":{"line":322,"column":0},"end":{"line":322,"column":32}},"322":{"start":{"line":323,"column":0},"end":{"line":323,"column":60}},"323":{"start":{"line":324,"column":0},"end":{"line":324,"column":37}},"324":{"start":{"line":325,"column":0},"end":{"line":325,"column":47}},"325":{"start":{"line":326,"column":0},"end":{"line":326,"column":4}},"326":{"start":{"line":327,"column":0},"end":{"line":327,"column":63}},"327":{"start":{"line":328,"column":0},"end":{"line":328,"column":18}},"328":{"start":{"line":329,"column":0},"end":{"line":329,"column":4}},"329":{"start":{"line":330,"column":0},"end":{"line":330,"column":53}},"330":{"start":{"line":331,"column":0},"end":{"line":331,"column":23}},"331":{"start":{"line":332,"column":0},"end":{"line":332,"column":62}},"332":{"start":{"line":333,"column":0},"end":{"line":333,"column":5}},"333":{"start":{"line":334,"column":0},"end":{"line":334,"column":4}},"334":{"start":{"line":335,"column":0},"end":{"line":335,"column":14}},"335":{"start":{"line":336,"column":0},"end":{"line":336,"column":3}},"336":{"start":{"line":337,"column":0},"end":{"line":337,"column":0}},"337":{"start":{"line":338,"column":0},"end":{"line":338,"column":26}},"338":{"start":{"line":339,"column":0},"end":{"line":339,"column":69}},"339":{"start":{"line":340,"column":0},"end":{"line":340,"column":18}},"340":{"start":{"line":341,"column":0},"end":{"line":341,"column":3}},"341":{"start":{"line":342,"column":0},"end":{"line":342,"column":0}},"342":{"start":{"line":343,"column":0},"end":{"line":343,"column":24}},"343":{"start":{"line":344,"column":0},"end":{"line":344,"column":28}},"344":{"start":{"line":345,"column":0},"end":{"line":345,"column":18}},"345":{"start":{"line":346,"column":0},"end":{"line":346,"column":3}},"346":{"start":{"line":347,"column":0},"end":{"line":347,"column":1}},"347":{"start":{"line":348,"column":0},"end":{"line":348,"column":0}},"348":{"start":{"line":349,"column":0},"end":{"line":349,"column":45}},"349":{"start":{"line":350,"column":0},"end":{"line":350,"column":21}},"350":{"start":{"line":351,"column":0},"end":{"line":351,"column":37}}},"s":{"0":1,"1":1,"2":23,"3":23,"4":23,"5":23,"6":23,"7":23,"8":23,"9":23,"10":23,"11":23,"12":23,"13":23,"14":23,"15":23,"16":23,"17":23,"18":23,"19":23,"20":23,"21":23,"22":23,"23":1,"24":1,"25":1,"26":1,"27":1,"28":23,"29":1,"30":1,"31":1,"32":2,"33":0,"34":0,"35":0,"36":0,"37":2,"38":2,"39":1,"40":1,"41":1,"42":1,"43":1,"44":1,"45":1,"46":1,"47":1,"48":1,"49":1,"50":1,"51":1,"52":1,"53":1,"54":17,"55":17,"56":1,"57":1,"58":1,"59":4,"60":2,"61":2,"62":2,"63":2,"64":2,"65":2,"66":2,"67":2,"68":2,"69":2,"70":2,"71":2,"72":4,"73":0,"74":0,"75":4,"76":1,"77":1,"78":1,"79":5,"80":4,"81":4,"82":4,"83":4,"84":4,"85":4,"86":4,"87":4,"88":4,"89":5,"90":0,"91":0,"92":5,"93":1,"94":1,"95":1,"96":1,"97":1,"98":1,"99":1,"100":1,"101":1,"102":1,"103":1,"104":1,"105":1,"106":1,"107":1,"108":1,"109":1,"110":1,"111":1,"112":1,"113":1,"114":1,"115":1,"116":1,"117":1,"118":1,"119":1,"120":1,"121":1,"122":0,"123":0,"124":0,"125":0,"126":1,"127":0,"128":0,"129":0,"130":1,"131":1,"132":1,"133":1,"134":1,"135":1,"136":1,"137":1,"138":1,"139":1,"140":1,"141":1,"142":1,"143":1,"144":1,"145":1,"146":1,"147":1,"148":1,"149":1,"150":1,"151":0,"152":0,"153":0,"154":1,"155":0,"156":0,"157":0,"158":1,"159":1,"160":1,"161":2,"162":2,"163":2,"164":2,"165":2,"166":2,"167":2,"168":2,"169":2,"170":2,"171":2,"172":2,"173":2,"174":2,"175":2,"176":1,"177":1,"178":1,"179":1,"180":1,"181":1,"182":1,"183":1,"184":1,"185":1,"186":1,"187":1,"188":1,"189":1,"190":1,"191":2,"192":0,"193":0,"194":1,"195":2,"196":1,"197":1,"198":2,"199":2,"200":2,"201":2,"202":2,"203":2,"204":2,"205":2,"206":1,"207":1,"208":1,"209":1,"210":1,"211":2,"212":0,"213":0,"214":2,"215":1,"216":1,"217":1,"218":2,"219":2,"220":2,"221":2,"222":2,"223":2,"224":2,"225":2,"226":1,"227":1,"228":1,"229":1,"230":1,"231":1,"232":1,"233":1,"234":1,"235":1,"236":1,"237":1,"238":1,"239":1,"240":1,"241":1,"242":1,"243":1,"244":1,"245":1,"246":1,"247":1,"248":1,"249":1,"250":1,"251":1,"252":2,"253":0,"254":0,"255":1,"256":2,"257":1,"258":1,"259":1,"260":1,"261":1,"262":1,"263":1,"264":1,"265":1,"266":1,"267":1,"268":1,"269":1,"270":1,"271":1,"272":1,"273":1,"274":1,"275":1,"276":1,"277":1,"278":1,"279":2,"280":1,"281":1,"282":1,"283":1,"284":1,"285":2,"286":0,"287":0,"288":2,"289":1,"290":1,"291":1,"292":4,"293":3,"294":3,"295":3,"296":3,"297":3,"298":3,"299":3,"300":2,"301":4,"302":1,"303":1,"304":1,"305":1,"306":1,"307":1,"308":1,"309":1,"310":1,"311":1,"312":1,"313":1,"314":1,"315":4,"316":1,"317":1,"318":1,"319":4,"320":1,"321":1,"322":1,"323":1,"324":1,"325":1,"326":1,"327":1,"328":1,"329":1,"330":1,"331":1,"332":1,"333":1,"334":1,"335":1,"336":1,"337":1,"338":1,"339":1,"340":1,"341":1,"342":1,"343":1,"344":1,"345":1,"346":1,"347":1,"348":1,"349":1,"350":1},"branchMap":{"0":{"type":"branch","line":2,"loc":{"start":{"line":2,"column":2},"end":{"line":29,"column":3}},"locations":[{"start":{"line":2,"column":2},"end":{"line":29,"column":3}}]},"1":{"type":"branch","line":17,"loc":{"start":{"line":17,"column":22},"end":{"line":17,"column":43}},"locations":[{"start":{"line":17,"column":22},"end":{"line":17,"column":43}}]},"2":{"type":"branch","line":23,"loc":{"start":{"line":23,"column":30},"end":{"line":28,"column":5}},"locations":[{"start":{"line":23,"column":30},"end":{"line":28,"column":5}}]},"3":{"type":"branch","line":32,"loc":{"start":{"line":32,"column":2},"end":{"line":39,"column":3}},"locations":[{"start":{"line":32,"column":2},"end":{"line":39,"column":3}}]},"4":{"type":"branch","line":42,"loc":{"start":{"line":42,"column":2},"end":{"line":46,"column":3}},"locations":[{"start":{"line":42,"column":2},"end":{"line":46,"column":3}}]},"5":{"type":"branch","line":49,"loc":{"start":{"line":49,"column":2},"end":{"line":51,"column":3}},"locations":[{"start":{"line":49,"column":2},"end":{"line":51,"column":3}}]},"6":{"type":"branch","line":54,"loc":{"start":{"line":54,"column":2},"end":{"line":56,"column":3}},"locations":[{"start":{"line":54,"column":2},"end":{"line":56,"column":3}}]},"7":{"type":"branch","line":55,"loc":{"start":{"line":55,"column":29},"end":{"line":55,"column":67}},"locations":[{"start":{"line":55,"column":29},"end":{"line":55,"column":67}}]},"8":{"type":"branch","line":59,"loc":{"start":{"line":59,"column":2},"end":{"line":76,"column":3}},"locations":[{"start":{"line":59,"column":2},"end":{"line":76,"column":3}}]},"9":{"type":"branch","line":60,"loc":{"start":{"line":60,"column":23},"end":{"line":73,"column":6}},"locations":[{"start":{"line":60,"column":23},"end":{"line":73,"column":6}}]},"10":{"type":"branch","line":73,"loc":{"start":{"line":73,"column":6},"end":{"line":75,"column":5}},"locations":[{"start":{"line":73,"column":6},"end":{"line":75,"column":5}}]},"11":{"type":"branch","line":68,"loc":{"start":{"line":68,"column":32},"end":{"line":71,"column":8}},"locations":[{"start":{"line":68,"column":32},"end":{"line":71,"column":8}}]},"12":{"type":"branch","line":79,"loc":{"start":{"line":79,"column":2},"end":{"line":93,"column":3}},"locations":[{"start":{"line":79,"column":2},"end":{"line":93,"column":3}}]},"13":{"type":"branch","line":80,"loc":{"start":{"line":80,"column":23},"end":{"line":80,"column":30}},"locations":[{"start":{"line":80,"column":23},"end":{"line":80,"column":30}}]},"14":{"type":"branch","line":81,"loc":{"start":{"line":81,"column":-2},"end":{"line":90,"column":6}},"locations":[{"start":{"line":81,"column":-2},"end":{"line":90,"column":6}}]},"15":{"type":"branch","line":90,"loc":{"start":{"line":90,"column":6},"end":{"line":92,"column":5}},"locations":[{"start":{"line":90,"column":6},"end":{"line":92,"column":5}}]},"16":{"type":"branch","line":96,"loc":{"start":{"line":96,"column":2},"end":{"line":98,"column":3}},"locations":[{"start":{"line":96,"column":2},"end":{"line":98,"column":3}}]},"17":{"type":"branch","line":97,"loc":{"start":{"line":97,"column":33},"end":{"line":97,"column":71}},"locations":[{"start":{"line":97,"column":33},"end":{"line":97,"column":71}}]},"18":{"type":"branch","line":101,"loc":{"start":{"line":101,"column":2},"end":{"line":131,"column":3}},"locations":[{"start":{"line":101,"column":2},"end":{"line":131,"column":3}}]},"19":{"type":"branch","line":122,"loc":{"start":{"line":122,"column":7},"end":{"line":126,"column":7}},"locations":[{"start":{"line":122,"column":7},"end":{"line":126,"column":7}}]},"20":{"type":"branch","line":127,"loc":{"start":{"line":127,"column":6},"end":{"line":131,"column":2}},"locations":[{"start":{"line":127,"column":6},"end":{"line":131,"column":2}}]},"21":{"type":"branch","line":134,"loc":{"start":{"line":134,"column":2},"end":{"line":159,"column":3}},"locations":[{"start":{"line":134,"column":2},"end":{"line":159,"column":3}}]},"22":{"type":"branch","line":151,"loc":{"start":{"line":151,"column":7},"end":{"line":154,"column":7}},"locations":[{"start":{"line":151,"column":7},"end":{"line":154,"column":7}}]},"23":{"type":"branch","line":155,"loc":{"start":{"line":155,"column":6},"end":{"line":159,"column":2}},"locations":[{"start":{"line":155,"column":6},"end":{"line":159,"column":2}}]},"24":{"type":"branch","line":145,"loc":{"start":{"line":145,"column":10},"end":{"line":145,"column":44}},"locations":[{"start":{"line":145,"column":10},"end":{"line":145,"column":44}}]},"25":{"type":"branch","line":161,"loc":{"start":{"line":161,"column":2},"end":{"line":196,"column":3}},"locations":[{"start":{"line":161,"column":2},"end":{"line":196,"column":3}}]},"26":{"type":"branch","line":176,"loc":{"start":{"line":176,"column":23},"end":{"line":191,"column":7}},"locations":[{"start":{"line":176,"column":23},"end":{"line":191,"column":7}}]},"27":{"type":"branch","line":192,"loc":{"start":{"line":192,"column":6},"end":{"line":194,"column":5}},"locations":[{"start":{"line":192,"column":6},"end":{"line":194,"column":5}}]},"28":{"type":"branch","line":194,"loc":{"start":{"line":194,"column":4},"end":{"line":196,"column":2}},"locations":[{"start":{"line":194,"column":4},"end":{"line":196,"column":2}}]},"29":{"type":"branch","line":179,"loc":{"start":{"line":179,"column":10},"end":{"line":179,"column":44}},"locations":[{"start":{"line":179,"column":10},"end":{"line":179,"column":44}}]},"30":{"type":"branch","line":198,"loc":{"start":{"line":198,"column":2},"end":{"line":215,"column":3}},"locations":[{"start":{"line":198,"column":2},"end":{"line":215,"column":3}}]},"31":{"type":"branch","line":206,"loc":{"start":{"line":206,"column":23},"end":{"line":211,"column":7}},"locations":[{"start":{"line":206,"column":23},"end":{"line":211,"column":7}}]},"32":{"type":"branch","line":212,"loc":{"start":{"line":212,"column":6},"end":{"line":214,"column":5}},"locations":[{"start":{"line":212,"column":6},"end":{"line":214,"column":5}}]},"33":{"type":"branch","line":218,"loc":{"start":{"line":218,"column":2},"end":{"line":257,"column":3}},"locations":[{"start":{"line":218,"column":2},"end":{"line":257,"column":3}}]},"34":{"type":"branch","line":226,"loc":{"start":{"line":226,"column":23},"end":{"line":252,"column":7}},"locations":[{"start":{"line":226,"column":23},"end":{"line":252,"column":7}}]},"35":{"type":"branch","line":253,"loc":{"start":{"line":253,"column":6},"end":{"line":255,"column":5}},"locations":[{"start":{"line":253,"column":6},"end":{"line":255,"column":5}}]},"36":{"type":"branch","line":255,"loc":{"start":{"line":255,"column":4},"end":{"line":257,"column":2}},"locations":[{"start":{"line":255,"column":4},"end":{"line":257,"column":2}}]},"37":{"type":"branch","line":260,"loc":{"start":{"line":260,"column":2},"end":{"line":276,"column":3}},"locations":[{"start":{"line":260,"column":2},"end":{"line":276,"column":3}}]},"38":{"type":"branch","line":279,"loc":{"start":{"line":279,"column":2},"end":{"line":289,"column":3}},"locations":[{"start":{"line":279,"column":2},"end":{"line":289,"column":3}}]},"39":{"type":"branch","line":280,"loc":{"start":{"line":280,"column":36},"end":{"line":286,"column":6}},"locations":[{"start":{"line":280,"column":36},"end":{"line":286,"column":6}}]},"40":{"type":"branch","line":286,"loc":{"start":{"line":286,"column":6},"end":{"line":288,"column":5}},"locations":[{"start":{"line":286,"column":6},"end":{"line":288,"column":5}}]},"41":{"type":"branch","line":292,"loc":{"start":{"line":292,"column":2},"end":{"line":320,"column":3}},"locations":[{"start":{"line":292,"column":2},"end":{"line":320,"column":3}}]},"42":{"type":"branch","line":293,"loc":{"start":{"line":293,"column":36},"end":{"line":293,"column":93}},"locations":[{"start":{"line":293,"column":36},"end":{"line":293,"column":93}}]},"43":{"type":"branch","line":294,"loc":{"start":{"line":294,"column":-2},"end":{"line":300,"column":9}},"locations":[{"start":{"line":294,"column":-2},"end":{"line":300,"column":9}}]},"44":{"type":"branch","line":301,"loc":{"start":{"line":301,"column":-2},"end":{"line":302,"column":23}},"locations":[{"start":{"line":301,"column":-2},"end":{"line":302,"column":23}}]},"45":{"type":"branch","line":302,"loc":{"start":{"line":302,"column":23},"end":{"line":315,"column":7}},"locations":[{"start":{"line":302,"column":23},"end":{"line":315,"column":7}}]},"46":{"type":"branch","line":316,"loc":{"start":{"line":316,"column":6},"end":{"line":319,"column":5}},"locations":[{"start":{"line":316,"column":6},"end":{"line":319,"column":5}}]},"47":{"type":"branch","line":305,"loc":{"start":{"line":305,"column":46},"end":{"line":305,"column":84}},"locations":[{"start":{"line":305,"column":46},"end":{"line":305,"column":84}}]},"48":{"type":"branch","line":323,"loc":{"start":{"line":323,"column":2},"end":{"line":336,"column":3}},"locations":[{"start":{"line":323,"column":2},"end":{"line":336,"column":3}}]},"49":{"type":"branch","line":332,"loc":{"start":{"line":332,"column":17},"end":{"line":332,"column":50}},"locations":[{"start":{"line":332,"column":17},"end":{"line":332,"column":50}}]},"50":{"type":"branch","line":338,"loc":{"start":{"line":338,"column":2},"end":{"line":341,"column":3}},"locations":[{"start":{"line":338,"column":2},"end":{"line":341,"column":3}}]},"51":{"type":"branch","line":339,"loc":{"start":{"line":339,"column":51},"end":{"line":339,"column":67}},"locations":[{"start":{"line":339,"column":51},"end":{"line":339,"column":67}}]},"52":{"type":"branch","line":343,"loc":{"start":{"line":343,"column":2},"end":{"line":346,"column":3}},"locations":[{"start":{"line":343,"column":2},"end":{"line":346,"column":3}}]}},"b":{"0":[23],"1":[0],"2":[1],"3":[2],"4":[1],"5":[1],"6":[17],"7":[1],"8":[4],"9":[2],"10":[0],"11":[2],"12":[5],"13":[1],"14":[4],"15":[0],"16":[1],"17":[3],"18":[1],"19":[0],"20":[0],"21":[1],"22":[0],"23":[0],"24":[2],"25":[2],"26":[1],"27":[0],"28":[1],"29":[1],"30":[2],"31":[1],"32":[0],"33":[2],"34":[1],"35":[0],"36":[1],"37":[1],"38":[2],"39":[1],"40":[0],"41":[4],"42":[1],"43":[3],"44":[2],"45":[1],"46":[1],"47":[1],"48":[1],"49":[1],"50":[1],"51":[1],"52":[1]},"fnMap":{"0":{"name":"BankStore","decl":{"start":{"line":2,"column":2},"end":{"line":29,"column":3}},"loc":{"start":{"line":2,"column":2},"end":{"line":29,"column":3}},"line":2},"1":{"name":"startAutoRefresh","decl":{"start":{"line":32,"column":2},"end":{"line":39,"column":3}},"loc":{"start":{"line":32,"column":2},"end":{"line":39,"column":3}},"line":32},"2":{"name":"stopAutoRefresh","decl":{"start":{"line":42,"column":2},"end":{"line":46,"column":3}},"loc":{"start":{"line":42,"column":2},"end":{"line":46,"column":3}},"line":42},"3":{"name":"subscribe","decl":{"start":{"line":49,"column":2},"end":{"line":51,"column":3}},"loc":{"start":{"line":49,"column":2},"end":{"line":51,"column":3}},"line":49},"4":{"name":"notify","decl":{"start":{"line":54,"column":2},"end":{"line":56,"column":3}},"loc":{"start":{"line":54,"column":2},"end":{"line":56,"column":3}},"line":54},"5":{"name":"fetchMovements","decl":{"start":{"line":59,"column":2},"end":{"line":76,"column":3}},"loc":{"start":{"line":59,"column":2},"end":{"line":76,"column":3}},"line":59},"6":{"name":"fetchCurrentUser","decl":{"start":{"line":79,"column":2},"end":{"line":93,"column":3}},"loc":{"start":{"line":79,"column":2},"end":{"line":93,"column":3}},"line":79},"7":{"name":"getSaldoTotal","decl":{"start":{"line":96,"column":2},"end":{"line":98,"column":3}},"loc":{"start":{"line":96,"column":2},"end":{"line":98,"column":3}},"line":96},"8":{"name":"addMovement","decl":{"start":{"line":101,"column":2},"end":{"line":131,"column":3}},"loc":{"start":{"line":101,"column":2},"end":{"line":131,"column":3}},"line":101},"9":{"name":"deleteMovement","decl":{"start":{"line":134,"column":2},"end":{"line":159,"column":3}},"loc":{"start":{"line":134,"column":2},"end":{"line":159,"column":3}},"line":134},"10":{"name":"updateMovement","decl":{"start":{"line":161,"column":2},"end":{"line":196,"column":3}},"loc":{"start":{"line":161,"column":2},"end":{"line":196,"column":3}},"line":161},"11":{"name":"register","decl":{"start":{"line":198,"column":2},"end":{"line":215,"column":3}},"loc":{"start":{"line":198,"column":2},"end":{"line":215,"column":3}},"line":198},"12":{"name":"login","decl":{"start":{"line":218,"column":2},"end":{"line":257,"column":3}},"loc":{"start":{"line":218,"column":2},"end":{"line":257,"column":3}},"line":218},"13":{"name":"logout","decl":{"start":{"line":260,"column":2},"end":{"line":276,"column":3}},"loc":{"start":{"line":260,"column":2},"end":{"line":276,"column":3}},"line":260},"14":{"name":"fetchAllUsers","decl":{"start":{"line":279,"column":2},"end":{"line":289,"column":3}},"loc":{"start":{"line":279,"column":2},"end":{"line":289,"column":3}},"line":279},"15":{"name":"changeUserRole","decl":{"start":{"line":292,"column":2},"end":{"line":320,"column":3}},"loc":{"start":{"line":292,"column":2},"end":{"line":320,"column":3}},"line":292},"16":{"name":"addNotification","decl":{"start":{"line":323,"column":2},"end":{"line":336,"column":3}},"loc":{"start":{"line":323,"column":2},"end":{"line":336,"column":3}},"line":323},"17":{"name":"removeNotification","decl":{"start":{"line":338,"column":2},"end":{"line":341,"column":3}},"loc":{"start":{"line":338,"column":2},"end":{"line":341,"column":3}},"line":338},"18":{"name":"clearNotifications","decl":{"start":{"line":343,"column":2},"end":{"line":346,"column":3}},"loc":{"start":{"line":343,"column":2},"end":{"line":346,"column":3}},"line":343}},"f":{"0":23,"1":2,"2":1,"3":1,"4":17,"5":4,"6":5,"7":1,"8":1,"9":1,"10":2,"11":2,"12":2,"13":1,"14":2,"15":4,"16":1,"17":1,"18":1}}
}
