<?xml version="1.0" encoding="UTF-8"?>
<coverage generated="1776334205492" clover="3.2.0">
  <project timestamp="1776334205492" name="All files">
    <metrics statements="198" coveredstatements="178" conditionals="64" coveredconditionals="53" methods="12" coveredmethods="11" elements="274" coveredelements="242" complexity="0" loc="198" ncloc="198" packages="1" files="1" classes="1"/>
    <file name="index.js" path="C:\Users\sergi\Documents\GitHub\NovaBank\novabank\server\index.js">
      <metrics statements="198" coveredstatements="178" conditionals="64" coveredconditionals="53" methods="12" coveredmethods="11"/>
      <line num="1" count="30" type="stmt"/>
      <line num="2" count="30" type="stmt"/>
      <line num="3" count="30" type="stmt"/>
      <line num="4" count="30" type="stmt"/>
      <line num="5" count="30" type="stmt"/>
      <line num="6" count="30" type="stmt"/>
      <line num="7" count="30" type="stmt"/>
      <line num="9" count="30" type="stmt"/>
      <line num="10" count="30" type="cond" truecount="1" falsecount="1"/>
      <line num="11" count="30" type="cond" truecount="1" falsecount="1"/>
      <line num="12" count="30" type="stmt"/>
      <line num="14" count="30" type="stmt"/>
      <line num="15" count="30" type="stmt"/>
      <line num="18" count="30" type="stmt"/>
      <line num="30" count="30" type="stmt"/>
      <line num="31" count="3" type="stmt"/>
      <line num="32" count="3" type="stmt"/>
      <line num="33" count="3" type="stmt"/>
      <line num="36" count="2" type="stmt"/>
      <line num="41" count="2" type="cond" truecount="2" falsecount="0"/>
      <line num="42" count="1" type="stmt"/>
      <line num="43" count="1" type="stmt"/>
      <line num="47" count="1" type="stmt"/>
      <line num="52" count="1" type="stmt"/>
      <line num="53" count="1" type="stmt"/>
      <line num="55" count="1" type="stmt"/>
      <line num="56" count="1" type="stmt"/>
      <line num="61" count="30" type="stmt"/>
      <line num="62" count="2" type="stmt"/>
      <line num="63" count="2" type="stmt"/>
      <line num="64" count="2" type="stmt"/>
      <line num="66" count="2" type="stmt"/>
      <line num="71" count="2" type="stmt"/>
      <line num="73" count="2" type="cond" truecount="2" falsecount="0"/>
      <line num="74" count="1" type="stmt"/>
      <line num="75" count="1" type="stmt"/>
      <line num="80" count="1" type="stmt"/>
      <line num="86" count="1" type="stmt"/>
      <line num="89" count="0" type="stmt"/>
      <line num="90" count="0" type="stmt"/>
      <line num="95" count="30" type="stmt"/>
      <line num="96" count="2" type="stmt"/>
      <line num="97" count="2" type="stmt"/>
      <line num="99" count="2" type="stmt"/>
      <line num="100" count="2" type="stmt"/>
      <line num="105" count="1" type="stmt"/>
      <line num="107" count="1" type="stmt"/>
      <line num="109" count="1" type="stmt"/>
      <line num="110" count="1" type="stmt"/>
      <line num="112" count="1" type="stmt"/>
      <line num="114" count="1" type="stmt"/>
      <line num="115" count="1" type="stmt"/>
      <line num="120" count="30" type="stmt"/>
      <line num="121" count="2" type="stmt"/>
      <line num="123" count="2" type="stmt"/>
      <line num="124" count="2" type="stmt"/>
      <line num="126" count="2" type="stmt"/>
      <line num="131" count="2" type="stmt"/>
      <line num="133" count="2" type="cond" truecount="2" falsecount="0"/>
      <line num="134" count="1" type="stmt"/>
      <line num="137" count="1" type="stmt"/>
      <line num="139" count="0" type="stmt"/>
      <line num="140" count="0" type="stmt"/>
      <line num="145" count="30" type="stmt"/>
      <line num="146" count="5" type="stmt"/>
      <line num="149" count="5" type="cond" truecount="2" falsecount="0"/>
      <line num="150" count="1" type="stmt"/>
      <line num="155" count="4" type="stmt"/>
      <line num="156" count="4" type="stmt"/>
      <line num="159" count="4" type="stmt"/>
      <line num="164" count="4" type="cond" truecount="2" falsecount="0"/>
      <line num="165" count="1" type="stmt"/>
      <line num="166" count="1" type="stmt"/>
      <line num="170" count="3" type="cond" truecount="2" falsecount="0"/>
      <line num="171" count="1" type="stmt"/>
      <line num="172" count="1" type="stmt"/>
      <line num="178" count="2" type="stmt"/>
      <line num="183" count="2" type="cond" truecount="2" falsecount="0"/>
      <line num="184" count="1" type="stmt"/>
      <line num="185" count="1" type="stmt"/>
      <line num="189" count="1" type="stmt"/>
      <line num="195" count="1" type="stmt"/>
      <line num="201" count="1" type="stmt"/>
      <line num="207" count="1" type="stmt"/>
      <line num="212" count="1" type="stmt"/>
      <line num="217" count="1" type="stmt"/>
      <line num="218" count="1" type="stmt"/>
      <line num="220" count="0" type="stmt"/>
      <line num="221" count="0" type="stmt"/>
      <line num="226" count="30" type="stmt"/>
      <line num="227" count="6" type="stmt"/>
      <line num="228" count="6" type="stmt"/>
      <line num="231" count="6" type="cond" truecount="2" falsecount="0"/>
      <line num="232" count="1" type="stmt"/>
      <line num="237" count="5" type="stmt"/>
      <line num="238" count="5" type="stmt"/>
      <line num="241" count="5" type="stmt"/>
      <line num="246" count="5" type="cond" truecount="2" falsecount="0"/>
      <line num="247" count="1" type="stmt"/>
      <line num="248" count="1" type="stmt"/>
      <line num="252" count="4" type="cond" truecount="4" falsecount="0"/>
      <line num="253" count="1" type="stmt"/>
      <line num="254" count="1" type="stmt"/>
      <line num="260" count="3" type="stmt"/>
      <line num="261" count="3" type="stmt"/>
      <line num="262" count="3" type="stmt"/>
      <line num="263" count="3" type="stmt"/>
      <line num="264" count="3" type="stmt"/>
      <line num="267" count="3" type="stmt"/>
      <line num="273" count="3" type="cond" truecount="2" falsecount="0"/>
      <line num="274" count="2" type="stmt"/>
      <line num="275" count="2" type="cond" truecount="2" falsecount="0"/>
      <line num="278" count="1" type="stmt"/>
      <line num="283" count="1" type="cond" truecount="1" falsecount="1"/>
      <line num="285" count="1" type="stmt"/>
      <line num="291" count="1" type="stmt"/>
      <line num="296" count="1" type="cond" truecount="1" falsecount="1"/>
      <line num="299" count="1" type="stmt"/>
      <line num="304" count="1" type="cond" truecount="1" falsecount="1"/>
      <line num="307" count="1" type="stmt"/>
      <line num="313" count="1" type="stmt"/>
      <line num="320" count="0" type="stmt"/>
      <line num="325" count="3" type="stmt"/>
      <line num="327" count="3" type="stmt"/>
      <line num="328" count="3" type="stmt"/>
      <line num="330" count="0" type="stmt"/>
      <line num="331" count="0" type="stmt"/>
      <line num="336" count="30" type="stmt"/>
      <line num="337" count="4" type="stmt"/>
      <line num="338" count="4" type="stmt"/>
      <line num="341" count="4" type="cond" truecount="2" falsecount="0"/>
      <line num="342" count="1" type="stmt"/>
      <line num="347" count="3" type="stmt"/>
      <line num="348" count="3" type="stmt"/>
      <line num="351" count="3" type="stmt"/>
      <line num="356" count="3" type="cond" truecount="2" falsecount="0"/>
      <line num="357" count="1" type="stmt"/>
      <line num="358" count="1" type="stmt"/>
      <line num="362" count="2" type="cond" truecount="4" falsecount="0"/>
      <line num="363" count="1" type="stmt"/>
      <line num="364" count="1" type="stmt"/>
      <line num="370" count="1" type="stmt"/>
      <line num="376" count="1" type="stmt"/>
      <line num="381" count="1" type="stmt"/>
      <line num="382" count="1" type="stmt"/>
      <line num="384" count="0" type="stmt"/>
      <line num="385" count="0" type="stmt"/>
      <line num="390" count="30" type="stmt"/>
      <line num="391" count="1" type="stmt"/>
      <line num="392" count="1" type="stmt"/>
      <line num="394" count="1" type="stmt"/>
      <line num="398" count="1" type="stmt"/>
      <line num="399" count="1" type="stmt"/>
      <line num="401" count="0" type="stmt"/>
      <line num="402" count="0" type="stmt"/>
      <line num="407" count="30" type="stmt"/>
      <line num="408" count="3" type="stmt"/>
      <line num="409" count="3" type="stmt"/>
      <line num="410" count="3" type="stmt"/>
      <line num="413" count="3" type="stmt"/>
      <line num="414" count="3" type="cond" truecount="2" falsecount="0"/>
      <line num="415" count="1" type="stmt"/>
      <line num="418" count="2" type="stmt"/>
      <line num="421" count="2" type="stmt"/>
      <line num="426" count="2" type="cond" truecount="2" falsecount="0"/>
      <line num="427" count="1" type="stmt"/>
      <line num="428" count="1" type="stmt"/>
      <line num="432" count="1" type="stmt"/>
      <line num="437" count="1" type="stmt"/>
      <line num="438" count="1" type="stmt"/>
      <line num="440" count="0" type="stmt"/>
      <line num="441" count="0" type="stmt"/>
      <line num="446" count="30" type="stmt"/>
      <line num="447" count="3" type="stmt"/>
      <line num="448" count="3" type="stmt"/>
      <line num="455" count="2" type="stmt"/>
      <line num="458" count="2" type="stmt"/>
      <line num="460" count="1" type="stmt"/>
      <line num="461" count="1" type="stmt"/>
      <line num="466" count="30" type="stmt"/>
      <line num="467" count="1" type="stmt"/>
      <line num="468" count="1" type="stmt"/>
      <line num="471" count="1" type="stmt"/>
      <line num="474" count="1" type="stmt"/>
      <line num="475" count="2" type="stmt"/>
      <line num="476" count="2" type="stmt"/>
      <line num="478" count="2" type="stmt"/>
      <line num="490" count="2" type="stmt"/>
      <line num="496" count="1" type="stmt"/>
      <line num="497" count="1" type="stmt"/>
      <line num="499" count="0" type="stmt"/>
      <line num="503" count="30" type="cond" truecount="1" falsecount="1"/>
      <line num="504" count="0" type="stmt"/>
      <line num="508" count="30" type="cond" truecount="1" falsecount="1"/>
      <line num="509" count="0" type="stmt"/>
      <line num="510" count="0" type="stmt"/>
      <line num="511" count="0" type="stmt"/>
      <line num="515" count="30" type="stmt"/>
    </file>
  </project>
</coverage>
