{"C:\\Users\\sergi\\Documents\\GitHub\\NovaBank\\novabank\\server\\index.js": {"path":"C:\\Users\\sergi\\Documents\\GitHub\\NovaBank\\novabank\\server\\index.js","statementMap":{"0":{"start":{"line":1,"column":16},"end":{"line":1,"column":34}},"1":{"start":{"line":2,"column":13},"end":{"line":2,"column":28}},"2":{"start":{"line":3,"column":11},"end":{"line":3,"column":24}},"3":{"start":{"line":4,"column":13},"end":{"line":4,"column":28}},"4":{"start":{"line":5,"column":12},"end":{"line":5,"column":35}},"5":{"start":{"line":6,"column":0},"end":{"line":6,"column":27}},"6":{"start":{"line":7,"column":14},"end":{"line":7,"column":39}},"7":{"start":{"line":9,"column":12},"end":{"line":9,"column":21}},"8":{"start":{"line":10,"column":13},"end":{"line":10,"column":37}},"9":{"start":{"line":11,"column":19},"end":{"line":11,"column":66}},"10":{"start":{"line":12,"column":18},"end":{"line":12,"column":49}},"11":{"start":{"line":14,"column":0},"end":{"line":14,"column":16}},"12":{"start":{"line":15,"column":0},"end":{"line":15,"column":24}},"13":{"start":{"line":18,"column":13},"end":{"line":27,"column":2}},"14":{"start":{"line":30,"column":0},"end":{"line":58,"column":3}},"15":{"start":{"line":31,"column":30},"end":{"line":31,"column":38}},"16":{"start":{"line":32,"column":2},"end":{"line":57,"column":3}},"17":{"start":{"line":33,"column":23},"end":{"line":33,"column":49}},"18":{"start":{"line":36,"column":27},"end":{"line":39,"column":5}},"19":{"start":{"line":41,"column":4},"end":{"line":44,"column":5}},"20":{"start":{"line":42,"column":6},"end":{"line":42,"column":27}},"21":{"start":{"line":43,"column":6},"end":{"line":43,"column":71}},"22":{"start":{"line":47,"column":4},"end":{"line":50,"column":6}},"23":{"start":{"line":52,"column":4},"end":{"line":52,"column":25}},"24":{"start":{"line":53,"column":4},"end":{"line":53,"column":66}},"25":{"start":{"line":55,"column":4},"end":{"line":55,"column":47}},"26":{"start":{"line":56,"column":4},"end":{"line":56,"column":60}},"27":{"start":{"line":61,"column":0},"end":{"line":92,"column":3}},"28":{"start":{"line":62,"column":30},"end":{"line":62,"column":38}},"29":{"start":{"line":63,"column":2},"end":{"line":91,"column":3}},"30":{"start":{"line":64,"column":23},"end":{"line":64,"column":49}},"31":{"start":{"line":66,"column":20},"end":{"line":69,"column":5}},"32":{"start":{"line":71,"column":4},"end":{"line":71,"column":25}},"33":{"start":{"line":73,"column":4},"end":{"line":87,"column":5}},"34":{"start":{"line":74,"column":19},"end":{"line":74,"column":27}},"35":{"start":{"line":75,"column":20},"end":{"line":79,"column":7}},"36":{"start":{"line":80,"column":6},"end":{"line":84,"column":9}},"37":{"start":{"line":86,"column":6},"end":{"line":86,"column":68}},"38":{"start":{"line":89,"column":4},"end":{"line":89,"column":44}},"39":{"start":{"line":90,"column":4},"end":{"line":90,"column":65}},"40":{"start":{"line":95,"column":0},"end":{"line":117,"column":3}},"41":{"start":{"line":96,"column":17},"end":{"line":96,"column":33}},"42":{"start":{"line":97,"column":19},"end":{"line":97,"column":37}},"43":{"start":{"line":99,"column":2},"end":{"line":116,"column":3}},"44":{"start":{"line":100,"column":23},"end":{"line":100,"column":49}},"45":{"start":{"line":105,"column":4},"end":{"line":106,"column":77}},"46":{"start":{"line":107,"column":4},"end":{"line":107,"column":22}},"47":{"start":{"line":109,"column":24},"end":{"line":109,"column":61}},"48":{"start":{"line":110,"column":4},"end":{"line":110,"column":25}},"49":{"start":{"line":112,"column":4},"end":{"line":112,"column":24}},"50":{"start":{"line":114,"column":4},"end":{"line":114,"column":58}},"51":{"start":{"line":115,"column":4},"end":{"line":115,"column":61}},"52":{"start":{"line":120,"column":0},"end":{"line":142,"column":3}},"53":{"start":{"line":121,"column":17},"end":{"line":121,"column":27}},"54":{"start":{"line":123,"column":2},"end":{"line":141,"column":3}},"55":{"start":{"line":124,"column":23},"end":{"line":124,"column":49}},"56":{"start":{"line":126,"column":20},"end":{"line":129,"column":5}},"57":{"start":{"line":131,"column":4},"end":{"line":131,"column":25}},"58":{"start":{"line":133,"column":4},"end":{"line":135,"column":5}},"59":{"start":{"line":134,"column":6},"end":{"line":134,"column":72}},"60":{"start":{"line":137,"column":4},"end":{"line":137,"column":23}},"61":{"start":{"line":139,"column":4},"end":{"line":139,"column":54}},"62":{"start":{"line":140,"column":4},"end":{"line":140,"column":76}},"63":{"start":{"line":145,"column":0},"end":{"line":223,"column":3}},"64":{"start":{"line":146,"column":75},"end":{"line":146,"column":83}},"65":{"start":{"line":149,"column":2},"end":{"line":153,"column":3}},"66":{"start":{"line":150,"column":4},"end":{"line":152,"column":69}},"67":{"start":{"line":155,"column":2},"end":{"line":222,"column":3}},"68":{"start":{"line":156,"column":23},"end":{"line":156,"column":49}},"69":{"start":{"line":159,"column":25},"end":{"line":162,"column":5}},"70":{"start":{"line":164,"column":4},"end":{"line":167,"column":5}},"71":{"start":{"line":165,"column":6},"end":{"line":165,"column":27}},"72":{"start":{"line":166,"column":6},"end":{"line":166,"column":72}},"73":{"start":{"line":170,"column":4},"end":{"line":175,"column":5}},"74":{"start":{"line":171,"column":6},"end":{"line":171,"column":27}},"75":{"start":{"line":172,"column":6},"end":{"line":174,"column":9}},"76":{"start":{"line":178,"column":25},"end":{"line":181,"column":5}},"77":{"start":{"line":183,"column":4},"end":{"line":186,"column":5}},"78":{"start":{"line":184,"column":6},"end":{"line":184,"column":27}},"79":{"start":{"line":185,"column":6},"end":{"line":185,"column":79}},"80":{"start":{"line":189,"column":4},"end":{"line":192,"column":6}},"81":{"start":{"line":195,"column":4},"end":{"line":198,"column":6}},"82":{"start":{"line":201,"column":4},"end":{"line":204,"column":6}},"83":{"start":{"line":207,"column":4},"end":{"line":210,"column":6}},"84":{"start":{"line":212,"column":26},"end":{"line":215,"column":5}},"85":{"start":{"line":217,"column":4},"end":{"line":217,"column":25}},"86":{"start":{"line":218,"column":4},"end":{"line":218,"column":41}},"87":{"start":{"line":220,"column":4},"end":{"line":220,"column":55}},"88":{"start":{"line":221,"column":4},"end":{"line":221,"column":67}},"89":{"start":{"line":226,"column":0},"end":{"line":333,"column":3}},"90":{"start":{"line":227,"column":17},"end":{"line":227,"column":27}},"91":{"start":{"line":228,"column":31},"end":{"line":228,"column":40}},"92":{"start":{"line":231,"column":2},"end":{"line":235,"column":3}},"93":{"start":{"line":232,"column":4},"end":{"line":234,"column":70}},"94":{"start":{"line":237,"column":2},"end":{"line":332,"column":3}},"95":{"start":{"line":238,"column":23},"end":{"line":238,"column":49}},"96":{"start":{"line":241,"column":23},"end":{"line":244,"column":5}},"97":{"start":{"line":246,"column":4},"end":{"line":249,"column":5}},"98":{"start":{"line":247,"column":6},"end":{"line":247,"column":27}},"99":{"start":{"line":248,"column":6},"end":{"line":248,"column":71}},"100":{"start":{"line":252,"column":4},"end":{"line":257,"column":5}},"101":{"start":{"line":253,"column":6},"end":{"line":253,"column":27}},"102":{"start":{"line":254,"column":6},"end":{"line":256,"column":9}},"103":{"start":{"line":260,"column":19},"end":{"line":260,"column":37}},"104":{"start":{"line":261,"column":27},"end":{"line":261,"column":45}},"105":{"start":{"line":262,"column":32},"end":{"line":262,"column":65}},"106":{"start":{"line":263,"column":25},"end":{"line":263,"column":41}},"107":{"start":{"line":264,"column":25},"end":{"line":264,"column":41}},"108":{"start":{"line":267,"column":4},"end":{"line":270,"column":6}},"109":{"start":{"line":273,"column":4},"end":{"line":322,"column":5}},"110":{"start":{"line":274,"column":6},"end":{"line":321,"column":7}},"111":{"start":{"line":275,"column":8},"end":{"line":318,"column":9}},"112":{"start":{"line":278,"column":31},"end":{"line":281,"column":11}},"113":{"start":{"line":283,"column":10},"end":{"line":295,"column":11}},"114":{"start":{"line":285,"column":12},"end":{"line":288,"column":14}},"115":{"start":{"line":291,"column":12},"end":{"line":294,"column":14}},"116":{"start":{"line":296,"column":15},"end":{"line":318,"column":9}},"117":{"start":{"line":299,"column":35},"end":{"line":302,"column":11}},"118":{"start":{"line":304,"column":10},"end":{"line":317,"column":11}},"119":{"start":{"line":307,"column":12},"end":{"line":310,"column":14}},"120":{"start":{"line":313,"column":12},"end":{"line":316,"column":14}},"121":{"start":{"line":320,"column":8},"end":{"line":320,"column":79}},"122":{"start":{"line":325,"column":4},"end":{"line":325,"column":71}},"123":{"start":{"line":327,"column":4},"end":{"line":327,"column":25}},"124":{"start":{"line":328,"column":4},"end":{"line":328,"column":40}},"125":{"start":{"line":330,"column":4},"end":{"line":330,"column":56}},"126":{"start":{"line":331,"column":4},"end":{"line":331,"column":55}},"127":{"start":{"line":336,"column":0},"end":{"line":387,"column":3}},"128":{"start":{"line":337,"column":17},"end":{"line":337,"column":27}},"129":{"start":{"line":338,"column":40},"end":{"line":338,"column":48}},"130":{"start":{"line":341,"column":2},"end":{"line":345,"column":3}},"131":{"start":{"line":342,"column":4},"end":{"line":344,"column":70}},"132":{"start":{"line":347,"column":2},"end":{"line":386,"column":3}},"133":{"start":{"line":348,"column":23},"end":{"line":348,"column":49}},"134":{"start":{"line":351,"column":23},"end":{"line":354,"column":5}},"135":{"start":{"line":356,"column":4},"end":{"line":359,"column":5}},"136":{"start":{"line":357,"column":6},"end":{"line":357,"column":27}},"137":{"start":{"line":358,"column":6},"end":{"line":358,"column":64}},"138":{"start":{"line":362,"column":4},"end":{"line":367,"column":5}},"139":{"start":{"line":363,"column":6},"end":{"line":363,"column":27}},"140":{"start":{"line":364,"column":6},"end":{"line":366,"column":9}},"141":{"start":{"line":370,"column":4},"end":{"line":373,"column":6}},"142":{"start":{"line":376,"column":30},"end":{"line":379,"column":5}},"143":{"start":{"line":381,"column":4},"end":{"line":381,"column":25}},"144":{"start":{"line":382,"column":4},"end":{"line":382,"column":33}},"145":{"start":{"line":384,"column":4},"end":{"line":384,"column":60}},"146":{"start":{"line":385,"column":4},"end":{"line":385,"column":61}},"147":{"start":{"line":390,"column":0},"end":{"line":404,"column":3}},"148":{"start":{"line":391,"column":2},"end":{"line":403,"column":3}},"149":{"start":{"line":392,"column":23},"end":{"line":392,"column":49}},"150":{"start":{"line":394,"column":20},"end":{"line":396,"column":5}},"151":{"start":{"line":398,"column":4},"end":{"line":398,"column":25}},"152":{"start":{"line":399,"column":4},"end":{"line":399,"column":20}},"153":{"start":{"line":401,"column":4},"end":{"line":401,"column":55}},"154":{"start":{"line":402,"column":4},"end":{"line":402,"column":67}},"155":{"start":{"line":407,"column":0},"end":{"line":443,"column":3}},"156":{"start":{"line":408,"column":2},"end":{"line":442,"column":3}},"157":{"start":{"line":409,"column":19},"end":{"line":409,"column":29}},"158":{"start":{"line":410,"column":21},"end":{"line":410,"column":29}},"159":{"start":{"line":413,"column":23},"end":{"line":413,"column":50}},"160":{"start":{"line":414,"column":4},"end":{"line":416,"column":5}},"161":{"start":{"line":415,"column":6},"end":{"line":415,"column":63}},"162":{"start":{"line":418,"column":23},"end":{"line":418,"column":49}},"163":{"start":{"line":421,"column":19},"end":{"line":424,"column":5}},"164":{"start":{"line":426,"column":4},"end":{"line":429,"column":5}},"165":{"start":{"line":427,"column":6},"end":{"line":427,"column":27}},"166":{"start":{"line":428,"column":6},"end":{"line":428,"column":72}},"167":{"start":{"line":432,"column":26},"end":{"line":435,"column":5}},"168":{"start":{"line":437,"column":4},"end":{"line":437,"column":25}},"169":{"start":{"line":438,"column":4},"end":{"line":438,"column":67}},"170":{"start":{"line":440,"column":4},"end":{"line":440,"column":53}},"171":{"start":{"line":441,"column":4},"end":{"line":441,"column":65}},"172":{"start":{"line":446,"column":29},"end":{"line":463,"column":1}},"173":{"start":{"line":447,"column":2},"end":{"line":462,"column":3}},"174":{"start":{"line":448,"column":29},"end":{"line":453,"column":5}},"175":{"start":{"line":455,"column":6},"end":{"line":457,"column":7}},"176":{"start":{"line":458,"column":4},"end":{"line":458,"column":29}},"177":{"start":{"line":460,"column":4},"end":{"line":460,"column":60}},"178":{"start":{"line":461,"column":4},"end":{"line":461,"column":61}},"179":{"start":{"line":466,"column":28},"end":{"line":501,"column":1}},"180":{"start":{"line":467,"column":2},"end":{"line":500,"column":3}},"181":{"start":{"line":468,"column":23},"end":{"line":468,"column":49}},"182":{"start":{"line":471,"column":20},"end":{"line":471,"column":66}},"183":{"start":{"line":474,"column":4},"end":{"line":494,"column":5}},"184":{"start":{"line":475,"column":26},"end":{"line":475,"column":48}},"185":{"start":{"line":476,"column":20},"end":{"line":476,"column":58}},"186":{"start":{"line":478,"column":6},"end":{"line":487,"column":8}},"187":{"start":{"line":490,"column":6},"end":{"line":493,"column":8}},"188":{"start":{"line":496,"column":4},"end":{"line":496,"column":77}},"189":{"start":{"line":497,"column":4},"end":{"line":497,"column":25}},"190":{"start":{"line":499,"column":4},"end":{"line":499,"column":43}},"191":{"start":{"line":503,"column":0},"end":{"line":505,"column":1}},"192":{"start":{"line":504,"column":2},"end":{"line":504,"column":43}},"193":{"start":{"line":508,"column":0},"end":{"line":513,"column":1}},"194":{"start":{"line":509,"column":2},"end":{"line":512,"column":5}},"195":{"start":{"line":510,"column":4},"end":{"line":510,"column":76}},"196":{"start":{"line":511,"column":4},"end":{"line":511,"column":60}},"197":{"start":{"line":515,"column":0},"end":{"line":520,"column":2}}},"fnMap":{"0":{"name":"(anonymous_0)","decl":{"start":{"line":30,"column":26},"end":{"line":30,"column":27}},"loc":{"start":{"line":30,"column":46},"end":{"line":58,"column":1}},"line":30},"1":{"name":"(anonymous_1)","decl":{"start":{"line":61,"column":23},"end":{"line":61,"column":24}},"loc":{"start":{"line":61,"column":43},"end":{"line":92,"column":1}},"line":61},"2":{"name":"(anonymous_2)","decl":{"start":{"line":95,"column":26},"end":{"line":95,"column":27}},"loc":{"start":{"line":95,"column":46},"end":{"line":117,"column":1}},"line":95},"3":{"name":"(anonymous_3)","decl":{"start":{"line":120,"column":25},"end":{"line":120,"column":26}},"loc":{"start":{"line":120,"column":45},"end":{"line":142,"column":1}},"line":120},"4":{"name":"(anonymous_4)","decl":{"start":{"line":145,"column":27},"end":{"line":145,"column":28}},"loc":{"start":{"line":145,"column":47},"end":{"line":223,"column":1}},"line":145},"5":{"name":"(anonymous_5)","decl":{"start":{"line":226,"column":33},"end":{"line":226,"column":34}},"loc":{"start":{"line":226,"column":53},"end":{"line":333,"column":1}},"line":226},"6":{"name":"(anonymous_6)","decl":{"start":{"line":336,"column":30},"end":{"line":336,"column":31}},"loc":{"start":{"line":336,"column":50},"end":{"line":387,"column":1}},"line":336},"7":{"name":"(anonymous_7)","decl":{"start":{"line":390,"column":28},"end":{"line":390,"column":29}},"loc":{"start":{"line":390,"column":48},"end":{"line":404,"column":1}},"line":390},"8":{"name":"(anonymous_8)","decl":{"start":{"line":407,"column":37},"end":{"line":407,"column":38}},"loc":{"start":{"line":407,"column":57},"end":{"line":443,"column":1}},"line":407},"9":{"name":"(anonymous_9)","decl":{"start":{"line":446,"column":29},"end":{"line":446,"column":30}},"loc":{"start":{"line":446,"column":35},"end":{"line":463,"column":1}},"line":446},"10":{"name":"(anonymous_10)","decl":{"start":{"line":466,"column":28},"end":{"line":466,"column":29}},"loc":{"start":{"line":466,"column":40},"end":{"line":501,"column":1}},"line":466},"11":{"name":"(anonymous_11)","decl":{"start":{"line":509,"column":19},"end":{"line":509,"column":20}},"loc":{"start":{"line":509,"column":25},"end":{"line":512,"column":3}},"line":509}},"branchMap":{"0":{"loc":{"start":{"line":10,"column":13},"end":{"line":10,"column":37}},"type":"binary-expr","locations":[{"start":{"line":10,"column":13},"end":{"line":10,"column":29}},{"start":{"line":10,"column":33},"end":{"line":10,"column":37}}],"line":10},"1":{"loc":{"start":{"line":11,"column":19},"end":{"line":11,"column":66}},"type":"binary-expr","locations":[{"start":{"line":11,"column":19},"end":{"line":11,"column":41}},{"start":{"line":11,"column":45},"end":{"line":11,"column":66}}],"line":11},"2":{"loc":{"start":{"line":19,"column":8},"end":{"line":19,"column":42}},"type":"binary-expr","locations":[{"start":{"line":19,"column":8},"end":{"line":19,"column":27}},{"start":{"line":19,"column":31},"end":{"line":19,"column":42}}],"line":19},"3":{"loc":{"start":{"line":20,"column":8},"end":{"line":20,"column":37}},"type":"binary-expr","locations":[{"start":{"line":20,"column":8},"end":{"line":20,"column":27}},{"start":{"line":20,"column":31},"end":{"line":20,"column":37}}],"line":20},"4":{"loc":{"start":{"line":21,"column":12},"end":{"line":21,"column":41}},"type":"binary-expr","locations":[{"start":{"line":21,"column":12},"end":{"line":21,"column":35}},{"start":{"line":21,"column":39},"end":{"line":21,"column":41}}],"line":21},"5":{"loc":{"start":{"line":22,"column":12},"end":{"line":22,"column":45}},"type":"binary-expr","locations":[{"start":{"line":22,"column":12},"end":{"line":22,"column":31}},{"start":{"line":22,"column":35},"end":{"line":22,"column":45}}],"line":22},"6":{"loc":{"start":{"line":23,"column":8},"end":{"line":23,"column":35}},"type":"binary-expr","locations":[{"start":{"line":23,"column":8},"end":{"line":23,"column":27}},{"start":{"line":23,"column":31},"end":{"line":23,"column":35}}],"line":23},"7":{"loc":{"start":{"line":41,"column":4},"end":{"line":44,"column":5}},"type":"if","locations":[{"start":{"line":41,"column":4},"end":{"line":44,"column":5}},{"start":{},"end":{}}],"line":41},"8":{"loc":{"start":{"line":73,"column":4},"end":{"line":87,"column":5}},"type":"if","locations":[{"start":{"line":73,"column":4},"end":{"line":87,"column":5}},{"start":{"line":85,"column":11},"end":{"line":87,"column":5}}],"line":73},"9":{"loc":{"start":{"line":133,"column":4},"end":{"line":135,"column":5}},"type":"if","locations":[{"start":{"line":133,"column":4},"end":{"line":135,"column":5}},{"start":{},"end":{}}],"line":133},"10":{"loc":{"start":{"line":149,"column":2},"end":{"line":153,"column":3}},"type":"if","locations":[{"start":{"line":149,"column":2},"end":{"line":153,"column":3}},{"start":{},"end":{}}],"line":149},"11":{"loc":{"start":{"line":164,"column":4},"end":{"line":167,"column":5}},"type":"if","locations":[{"start":{"line":164,"column":4},"end":{"line":167,"column":5}},{"start":{},"end":{}}],"line":164},"12":{"loc":{"start":{"line":170,"column":4},"end":{"line":175,"column":5}},"type":"if","locations":[{"start":{"line":170,"column":4},"end":{"line":175,"column":5}},{"start":{},"end":{}}],"line":170},"13":{"loc":{"start":{"line":183,"column":4},"end":{"line":186,"column":5}},"type":"if","locations":[{"start":{"line":183,"column":4},"end":{"line":186,"column":5}},{"start":{},"end":{}}],"line":183},"14":{"loc":{"start":{"line":231,"column":2},"end":{"line":235,"column":3}},"type":"if","locations":[{"start":{"line":231,"column":2},"end":{"line":235,"column":3}},{"start":{},"end":{}}],"line":231},"15":{"loc":{"start":{"line":246,"column":4},"end":{"line":249,"column":5}},"type":"if","locations":[{"start":{"line":246,"column":4},"end":{"line":249,"column":5}},{"start":{},"end":{}}],"line":246},"16":{"loc":{"start":{"line":252,"column":4},"end":{"line":257,"column":5}},"type":"if","locations":[{"start":{"line":252,"column":4},"end":{"line":257,"column":5}},{"start":{},"end":{}}],"line":252},"17":{"loc":{"start":{"line":252,"column":8},"end":{"line":252,"column":60}},"type":"binary-expr","locations":[{"start":{"line":252,"column":8},"end":{"line":252,"column":28}},{"start":{"line":252,"column":32},"end":{"line":252,"column":60}}],"line":252},"18":{"loc":{"start":{"line":273,"column":4},"end":{"line":322,"column":5}},"type":"if","locations":[{"start":{"line":273,"column":4},"end":{"line":322,"column":5}},{"start":{},"end":{}}],"line":273},"19":{"loc":{"start":{"line":275,"column":8},"end":{"line":318,"column":9}},"type":"if","locations":[{"start":{"line":275,"column":8},"end":{"line":318,"column":9}},{"start":{"line":296,"column":15},"end":{"line":318,"column":9}}],"line":275},"20":{"loc":{"start":{"line":283,"column":10},"end":{"line":295,"column":11}},"type":"if","locations":[{"start":{"line":283,"column":10},"end":{"line":295,"column":11}},{"start":{},"end":{}}],"line":283},"21":{"loc":{"start":{"line":296,"column":15},"end":{"line":318,"column":9}},"type":"if","locations":[{"start":{"line":296,"column":15},"end":{"line":318,"column":9}},{"start":{},"end":{}}],"line":296},"22":{"loc":{"start":{"line":304,"column":10},"end":{"line":317,"column":11}},"type":"if","locations":[{"start":{"line":304,"column":10},"end":{"line":317,"column":11}},{"start":{},"end":{}}],"line":304},"23":{"loc":{"start":{"line":341,"column":2},"end":{"line":345,"column":3}},"type":"if","locations":[{"start":{"line":341,"column":2},"end":{"line":345,"column":3}},{"start":{},"end":{}}],"line":341},"24":{"loc":{"start":{"line":356,"column":4},"end":{"line":359,"column":5}},"type":"if","locations":[{"start":{"line":356,"column":4},"end":{"line":359,"column":5}},{"start":{},"end":{}}],"line":356},"25":{"loc":{"start":{"line":362,"column":4},"end":{"line":367,"column":5}},"type":"if","locations":[{"start":{"line":362,"column":4},"end":{"line":367,"column":5}},{"start":{},"end":{}}],"line":362},"26":{"loc":{"start":{"line":362,"column":8},"end":{"line":362,"column":60}},"type":"binary-expr","locations":[{"start":{"line":362,"column":8},"end":{"line":362,"column":28}},{"start":{"line":362,"column":32},"end":{"line":362,"column":60}}],"line":362},"27":{"loc":{"start":{"line":414,"column":4},"end":{"line":416,"column":5}},"type":"if","locations":[{"start":{"line":414,"column":4},"end":{"line":416,"column":5}},{"start":{},"end":{}}],"line":414},"28":{"loc":{"start":{"line":426,"column":4},"end":{"line":429,"column":5}},"type":"if","locations":[{"start":{"line":426,"column":4},"end":{"line":429,"column":5}},{"start":{},"end":{}}],"line":426},"29":{"loc":{"start":{"line":484,"column":10},"end":{"line":484,"column":56}},"type":"cond-expr","locations":[{"start":{"line":484,"column":36},"end":{"line":484,"column":44}},{"start":{"line":484,"column":47},"end":{"line":484,"column":56}}],"line":484},"30":{"loc":{"start":{"line":503,"column":0},"end":{"line":505,"column":1}},"type":"if","locations":[{"start":{"line":503,"column":0},"end":{"line":505,"column":1}},{"start":{},"end":{}}],"line":503},"31":{"loc":{"start":{"line":508,"column":0},"end":{"line":513,"column":1}},"type":"if","locations":[{"start":{"line":508,"column":0},"end":{"line":513,"column":1}},{"start":{},"end":{}}],"line":508}},"s":{"0":30,"1":30,"2":30,"3":30,"4":30,"5":30,"6":30,"7":30,"8":30,"9":30,"10":30,"11":30,"12":30,"13":30,"14":30,"15":3,"16":3,"17":3,"18":2,"19":2,"20":1,"21":1,"22":1,"23":1,"24":1,"25":1,"26":1,"27":30,"28":2,"29":2,"30":2,"31":2,"32":2,"33":2,"34":1,"35":1,"36":1,"37":1,"38":0,"39":0,"40":30,"41":2,"42":2,"43":2,"44":2,"45":1,"46":1,"47":1,"48":1,"49":1,"50":1,"51":1,"52":30,"53":2,"54":2,"55":2,"56":2,"57":2,"58":2,"59":1,"60":1,"61":0,"62":0,"63":30,"64":5,"65":5,"66":1,"67":4,"68":4,"69":4,"70":4,"71":1,"72":1,"73":3,"74":1,"75":1,"76":2,"77":2,"78":1,"79":1,"80":1,"81":1,"82":1,"83":1,"84":1,"85":1,"86":1,"87":0,"88":0,"89":30,"90":6,"91":6,"92":6,"93":1,"94":5,"95":5,"96":5,"97":5,"98":1,"99":1,"100":4,"101":1,"102":1,"103":3,"104":3,"105":3,"106":3,"107":3,"108":3,"109":3,"110":2,"111":2,"112":1,"113":1,"114":1,"115":1,"116":1,"117":1,"118":1,"119":1,"120":1,"121":0,"122":3,"123":3,"124":3,"125":0,"126":0,"127":30,"128":4,"129":4,"130":4,"131":1,"132":3,"133":3,"134":3,"135":3,"136":1,"137":1,"138":2,"139":1,"140":1,"141":1,"142":1,"143":1,"144":1,"145":0,"146":0,"147":30,"148":1,"149":1,"150":1,"151":1,"152":1,"153":0,"154":0,"155":30,"156":3,"157":3,"158":3,"159":3,"160":3,"161":1,"162":2,"163":2,"164":2,"165":1,"166":1,"167":1,"168":1,"169":1,"170":0,"171":0,"172":30,"173":3,"174":3,"175":2,"176":2,"177":1,"178":1,"179":30,"180":1,"181":1,"182":1,"183":1,"184":2,"185":2,"186":2,"187":2,"188":1,"189":1,"190":0,"191":30,"192":0,"193":30,"194":0,"195":0,"196":0,"197":30},"f":{"0":3,"1":2,"2":2,"3":2,"4":5,"5":6,"6":4,"7":1,"8":3,"9":3,"10":1,"11":0},"b":{"0":[30,0],"1":[30,0],"2":[30,0],"3":[30,0],"4":[30,30],"5":[30,0],"6":[30,0],"7":[1,1],"8":[1,1],"9":[1,1],"10":[1,4],"11":[1,3],"12":[1,2],"13":[1,1],"14":[1,5],"15":[1,4],"16":[1,3],"17":[4,3],"18":[2,1],"19":[1,1],"20":[1,0],"21":[1,0],"22":[1,0],"23":[1,3],"24":[1,2],"25":[1,1],"26":[2,2],"27":[1,2],"28":[1,1],"29":[1,1],"30":[0,30],"31":[0,30]},"_coverageSchema":"1a1c01bbd47fc00a2c39e90264f33305004495a9","hash":"f04900679cbcea843e026aaa052972337f99bea8"}
}
