TN:
SF:index.js
FN:30,(anonymous_0)
FN:61,(anonymous_1)
FN:95,(anonymous_2)
FN:120,(anonymous_3)
FN:145,(anonymous_4)
FN:226,(anonymous_5)
FN:336,(anonymous_6)
FN:390,(anonymous_7)
FN:407,(anonymous_8)
FN:446,(anonymous_9)
FN:466,(anonymous_10)
FN:509,(anonymous_11)
FNF:12
FNH:11
FNDA:3,(anonymous_0)
FNDA:2,(anonymous_1)
FNDA:2,(anonymous_2)
FNDA:2,(anonymous_3)
FNDA:5,(anonymous_4)
FNDA:6,(anonymous_5)
FNDA:4,(anonymous_6)
FNDA:1,(anonymous_7)
FNDA:3,(anonymous_8)
FNDA:3,(anonymous_9)
FNDA:1,(anonymous_10)
FNDA:0,(anonymous_11)
DA:1,30
DA:2,30
DA:3,30
DA:4,30
DA:5,30
DA:6,30
DA:7,30
DA:9,30
DA:10,30
DA:11,30
DA:12,30
DA:14,30
DA:15,30
DA:18,30
DA:30,30
DA:31,3
DA:32,3
DA:33,3
DA:36,2
DA:41,2
DA:42,1
DA:43,1
DA:47,1
DA:52,1
DA:53,1
DA:55,1
DA:56,1
DA:61,30
DA:62,2
DA:63,2
DA:64,2
DA:66,2
DA:71,2
DA:73,2
DA:74,1
DA:75,1
DA:80,1
DA:86,1
DA:89,0
DA:90,0
DA:95,30
DA:96,2
DA:97,2
DA:99,2
DA:100,2
DA:105,1
DA:107,1
DA:109,1
DA:110,1
DA:112,1
DA:114,1
DA:115,1
DA:120,30
DA:121,2
DA:123,2
DA:124,2
DA:126,2
DA:131,2
DA:133,2
DA:134,1
DA:137,1
DA:139,0
DA:140,0
DA:145,30
DA:146,5
DA:149,5
DA:150,1
DA:155,4
DA:156,4
DA:159,4
DA:164,4
DA:165,1
DA:166,1
DA:170,3
DA:171,1
DA:172,1
DA:178,2
DA:183,2
DA:184,1
DA:185,1
DA:189,1
DA:195,1
DA:201,1
DA:207,1
DA:212,1
DA:217,1
DA:218,1
DA:220,0
DA:221,0
DA:226,30
DA:227,6
DA:228,6
DA:231,6
DA:232,1
DA:237,5
DA:238,5
DA:241,5
DA:246,5
DA:247,1
DA:248,1
DA:252,4
DA:253,1
DA:254,1
DA:260,3
DA:261,3
DA:262,3
DA:263,3
DA:264,3
DA:267,3
DA:273,3
DA:274,2
DA:275,2
DA:278,1
DA:283,1
DA:285,1
DA:291,1
DA:296,1
DA:299,1
DA:304,1
DA:307,1
DA:313,1
DA:320,0
DA:325,3
DA:327,3
DA:328,3
DA:330,0
DA:331,0
DA:336,30
DA:337,4
DA:338,4
DA:341,4
DA:342,1
DA:347,3
DA:348,3
DA:351,3
DA:356,3
DA:357,1
DA:358,1
DA:362,2
DA:363,1
DA:364,1
DA:370,1
DA:376,1
DA:381,1
DA:382,1
DA:384,0
DA:385,0
DA:390,30
DA:391,1
DA:392,1
DA:394,1
DA:398,1
DA:399,1
DA:401,0
DA:402,0
DA:407,30
DA:408,3
DA:409,3
DA:410,3
DA:413,3
DA:414,3
DA:415,1
DA:418,2
DA:421,2
DA:426,2
DA:427,1
DA:428,1
DA:432,1
DA:437,1
DA:438,1
DA:440,0
DA:441,0
DA:446,30
DA:447,3
DA:448,3
DA:455,2
DA:458,2
DA:460,1
DA:461,1
DA:466,30
DA:467,1
DA:468,1
DA:471,1
DA:474,1
DA:475,2
DA:476,2
DA:478,2
DA:490,2
DA:496,1
DA:497,1
DA:499,0
DA:503,30
DA:504,0
DA:508,30
DA:509,0
DA:510,0
DA:511,0
DA:515,30
LF:198
LH:178
BRDA:10,0,0,30
BRDA:10,0,1,0
BRDA:11,1,0,30
BRDA:11,1,1,0
BRDA:19,2,0,30
BRDA:19,2,1,0
BRDA:20,3,0,30
BRDA:20,3,1,0
BRDA:21,4,0,30
BRDA:21,4,1,30
BRDA:22,5,0,30
BRDA:22,5,1,0
BRDA:23,6,0,30
BRDA:23,6,1,0
BRDA:41,7,0,1
BRDA:41,7,1,1
BRDA:73,8,0,1
BRDA:73,8,1,1
BRDA:133,9,0,1
BRDA:133,9,1,1
BRDA:149,10,0,1
BRDA:149,10,1,4
BRDA:164,11,0,1
BRDA:164,11,1,3
BRDA:170,12,0,1
BRDA:170,12,1,2
BRDA:183,13,0,1
BRDA:183,13,1,1
BRDA:231,14,0,1
BRDA:231,14,1,5
BRDA:246,15,0,1
BRDA:246,15,1,4
BRDA:252,16,0,1
BRDA:252,16,1,3
BRDA:252,17,0,4
BRDA:252,17,1,3
BRDA:273,18,0,2
BRDA:273,18,1,1
BRDA:275,19,0,1
BRDA:275,19,1,1
BRDA:283,20,0,1
BRDA:283,20,1,0
BRDA:296,21,0,1
BRDA:296,21,1,0
BRDA:304,22,0,1
BRDA:304,22,1,0
BRDA:341,23,0,1
BRDA:341,23,1,3
BRDA:356,24,0,1
BRDA:356,24,1,2
BRDA:362,25,0,1
BRDA:362,25,1,1
BRDA:362,26,0,2
BRDA:362,26,1,2
BRDA:414,27,0,1
BRDA:414,27,1,2
BRDA:426,28,0,1
BRDA:426,28,1,1
BRDA:484,29,0,1
BRDA:484,29,1,1
BRDA:503,30,0,0
BRDA:503,30,1,30
BRDA:508,31,0,0
BRDA:508,31,1,30
BRF:64
BRH:53
end_of_record
